Streaming transaction logs mentioning Fg6PaFpoGXkYsidMpWTK6W2BeZ7FEfcYkg476zPFsLnS. Confirmed commitment
Transaction executed in slot 6:
  Signature: 4YUmnBFy5JcptFKFuieoRHp4Lgh68SufEDW3pbm3AAiqC7xggyegfxovegjAkUtwmZVQQur4KCgeV2x4rhC6oC3m
  Status: Ok
  Log Messages:
    Program Fg6PaFpoGXkYsidMpWTK6W2BeZ7FEfcYkg476zPFsLnS invoke [1]
    Program TokenkegQfeZyiNwAJbNbGKPFXCWuBvf9Ss623VQ5DA invoke [2]
    Program log: Instruction: MintTo
    Program TokenkegQfeZyiNwAJbNbGKPFXCWuBvf9Ss623VQ5DA consumed 2858 of 1395347 compute units
    Program TokenkegQfeZyiNwAJbNbGKPFXCWuBvf9Ss623VQ5DA success
    Program Fg6PaFpoGXkYsidMpWTK6W2BeZ7FEfcYkg476zPFsLnS consumed 7853 of 1400000 compute units
    Program Fg6PaFpoGXkYsidMpWTK6W2BeZ7FEfcYkg476zPFsLnS success
Transaction executed in slot 7:
  Signature: 52twPFFqrjDJc1ZwPCg5JJRn6pzXjjNu7tS5TSjxoS2N6WyBuVA6koj6u6ivip9NMNdUsZJZCTHXPb1GJY5qRL4s
  Status: Ok
  Log Messages:
    Program Fg6PaFpoGXkYsidMpWTK6W2BeZ7FEfcYkg476zPFsLnS invoke [1]
    Program TokenkegQfeZyiNwAJbNbGKPFXCWuBvf9Ss623VQ5DA invoke [2]
    Program log: Instruction: Transfer
    Program TokenkegQfeZyiNwAJbNbGKPFXCWuBvf9Ss623VQ5DA consumed 3200 of 1395346 compute units
    Program TokenkegQfeZyiNwAJbNbGKPFXCWuBvf9Ss623VQ5DA success
    Program Fg6PaFpoGXkYsidMpWTK6W2BeZ7FEfcYkg476zPFsLnS consumed 8196 of 1400000 compute units
    Program Fg6PaFpoGXkYsidMpWTK6W2BeZ7FEfcYkg476zPFsLnS success
Transaction executed in slot 8:
  Signature: 5sia59eMSbZVsnKYxYxWb28NpYg2NuubnguWqVddF53nuAraFd1hxoBkNWHAjTrQhAdM1ESznY1gdLjpnxQMpuLx
  Status: Ok
  Log Messages:
    Program Fg6PaFpoGXkYsidMpWTK6W2BeZ7FEfcYkg476zPFsLnS invoke [1]
    Program TokenkegQfeZyiNwAJbNbGKPFXCWuBvf9Ss623VQ5DA invoke [2]
    Program log: Instruction: Burn
    Program TokenkegQfeZyiNwAJbNbGKPFXCWuBvf9Ss623VQ5DA consumed 2847 of 1395346 compute units
    Program TokenkegQfeZyiNwAJbNbGKPFXCWuBvf9Ss623VQ5DA success
    Program Fg6PaFpoGXkYsidMpWTK6W2BeZ7FEfcYkg476zPFsLnS consumed 7843 of 1400000 compute units
    Program Fg6PaFpoGXkYsidMpWTK6W2BeZ7FEfcYkg476zPFsLnS success
Transaction executed in slot 9:
  Signature: 3s8fwbLwYpeGcohyBY3EdXSfHJrmqHf6oVntaNis8YP8gwnJ8f3vwEPx1nBCXc6B6sU9GefiDhdPhEgJvrQBF1zv
  Status: Ok
  Log Messages:
    Program Fg6PaFpoGXkYsidMpWTK6W2BeZ7FEfcYkg476zPFsLnS invoke [1]
    Program TokenkegQfeZyiNwAJbNbGKPFXCWuBvf9Ss623VQ5DA invoke [2]
    Program log: Instruction: SetAuthority
    Program TokenkegQfeZyiNwAJbNbGKPFXCWuBvf9Ss623VQ5DA consumed 1865 of 1395877 compute units
    Program TokenkegQfeZyiNwAJbNbGKPFXCWuBvf9Ss623VQ5DA success
    Program Fg6PaFpoGXkYsidMpWTK6W2BeZ7FEfcYkg476zPFsLnS consumed 6255 of 1400000 compute units
    Program Fg6PaFpoGXkYsidMpWTK6W2BeZ7FEfcYkg476zPFsLnS success
